{"C:\\Users\\manue\\Desktop\\React\\gifs-app\\src\\GifsApp.tsx": {"path":"C:\\Users\\manue\\Desktop\\React\\gifs-app\\src\\GifsApp.tsx","all":false,"statementMap":{"0":{"start":{"line":1,"column":0},"end":{"line":1,"column":64}},"1":{"start":{"line":2,"column":0},"end":{"line":2,"column":58}},"2":{"start":{"line":3,"column":0},"end":{"line":3,"column":70}},"3":{"start":{"line":4,"column":0},"end":{"line":4,"column":52}},"4":{"start":{"line":5,"column":0},"end":{"line":5,"column":42}},"6":{"start":{"line":7,"column":0},"end":{"line":7,"column":30}},"7":{"start":{"line":8,"column":0},"end":{"line":8,"column":75}},"8":{"start":{"line":9,"column":0},"end":{"line":9,"column":10}},"9":{"start":{"line":10,"column":0},"end":{"line":10,"column":6}},"11":{"start":{"line":12,"column":0},"end":{"line":12,"column":19}},"12":{"start":{"line":13,"column":0},"end":{"line":13,"column":24}},"13":{"start":{"line":14,"column":0},"end":{"line":14,"column":45}},"17":{"start":{"line":18,"column":0},"end":{"line":18,"column":78}},"20":{"start":{"line":21,"column":0},"end":{"line":21,"column":23}},"21":{"start":{"line":22,"column":0},"end":{"line":22,"column":32}},"22":{"start":{"line":23,"column":0},"end":{"line":23,"column":38}},"26":{"start":{"line":27,"column":0},"end":{"line":27,"column":37}},"29":{"start":{"line":30,"column":0},"end":{"line":30,"column":2}}},"s":{"0":1,"1":1,"2":1,"3":1,"4":1,"6":1,"7":1,"8":1,"9":1,"11":1,"12":1,"13":1,"17":1,"20":1,"21":1,"22":1,"26":1,"29":1},"branchMap":{"0":{"type":"branch","line":7,"loc":{"start":{"line":7,"column":23},"end":{"line":30,"column":2}},"locations":[{"start":{"line":7,"column":23},"end":{"line":30,"column":2}}]}},"b":{"0":[1]},"fnMap":{"0":{"name":"GifsApp","decl":{"start":{"line":7,"column":23},"end":{"line":30,"column":2}},"loc":{"start":{"line":7,"column":23},"end":{"line":30,"column":2}},"line":7}},"f":{"0":1}}
,"C:\\Users\\manue\\Desktop\\React\\gifs-app\\src\\main.tsx": {"path":"C:\\Users\\manue\\Desktop\\React\\gifs-app\\src\\main.tsx","all":true,"statementMap":{"0":{"start":{"line":1,"column":0},"end":{"line":1,"column":35}},"1":{"start":{"line":2,"column":0},"end":{"line":2,"column":46}},"2":{"start":{"line":3,"column":0},"end":{"line":3,"column":21}},"3":{"start":{"line":4,"column":0},"end":{"line":4,"column":36}},"4":{"start":{"line":5,"column":0},"end":{"line":5,"column":67}},"5":{"start":{"line":6,"column":0},"end":{"line":6,"column":52}},"6":{"start":{"line":7,"column":0},"end":{"line":7,"column":14}},"7":{"start":{"line":8,"column":0},"end":{"line":8,"column":15}}},"s":{"0":0,"1":0,"2":0,"3":0,"4":0,"5":0,"6":0,"7":0},"branchMap":{"0":{"type":"branch","line":1,"loc":{"start":{"line":1,"column":354},"end":{"line":11,"column":2}},"locations":[{"start":{"line":1,"column":354},"end":{"line":11,"column":2}}]}},"b":{"0":[0]},"fnMap":{"0":{"name":"(empty-report)","decl":{"start":{"line":1,"column":354},"end":{"line":11,"column":2}},"loc":{"start":{"line":1,"column":354},"end":{"line":11,"column":2}},"line":1}},"f":{"0":0}}
,"C:\\Users\\manue\\Desktop\\React\\gifs-app\\src\\counter\\components\\MyCounterApp.tsx": {"path":"C:\\Users\\manue\\Desktop\\React\\gifs-app\\src\\counter\\components\\MyCounterApp.tsx","all":false,"statementMap":{"0":{"start":{"line":1,"column":0},"end":{"line":1,"column":49}},"2":{"start":{"line":3,"column":0},"end":{"line":3,"column":35}},"3":{"start":{"line":4,"column":0},"end":{"line":4,"column":77}},"5":{"start":{"line":6,"column":0},"end":{"line":6,"column":10}},"6":{"start":{"line":7,"column":0},"end":{"line":7,"column":8}},"7":{"start":{"line":8,"column":0},"end":{"line":8,"column":80}},"9":{"start":{"line":10,"column":0},"end":{"line":10,"column":33}},"10":{"start":{"line":11,"column":0},"end":{"line":11,"column":52}},"11":{"start":{"line":12,"column":0},"end":{"line":12,"column":47}},"12":{"start":{"line":13,"column":0},"end":{"line":13,"column":52}},"13":{"start":{"line":14,"column":0},"end":{"line":14,"column":52}},"17":{"start":{"line":18,"column":0},"end":{"line":18,"column":2}}},"s":{"0":1,"2":1,"3":7,"5":7,"6":7,"7":7,"9":7,"10":7,"11":7,"12":7,"13":7,"17":7},"branchMap":{"0":{"type":"branch","line":3,"loc":{"start":{"line":3,"column":28},"end":{"line":18,"column":2}},"locations":[{"start":{"line":3,"column":28},"end":{"line":18,"column":2}}]}},"b":{"0":[7]},"fnMap":{"0":{"name":"MyCounterApp","decl":{"start":{"line":3,"column":28},"end":{"line":18,"column":2}},"loc":{"start":{"line":3,"column":28},"end":{"line":18,"column":2}},"line":3}},"f":{"0":7}}
,"C:\\Users\\manue\\Desktop\\React\\gifs-app\\src\\counter\\hooks\\useCounter.tsx": {"path":"C:\\Users\\manue\\Desktop\\React\\gifs-app\\src\\counter\\hooks\\useCounter.tsx","all":false,"statementMap":{"0":{"start":{"line":1,"column":0},"end":{"line":1,"column":33}},"2":{"start":{"line":3,"column":0},"end":{"line":3,"column":57}},"3":{"start":{"line":4,"column":0},"end":{"line":4,"column":55}},"5":{"start":{"line":6,"column":0},"end":{"line":6,"column":27}},"6":{"start":{"line":7,"column":0},"end":{"line":7,"column":28}},"7":{"start":{"line":8,"column":0},"end":{"line":8,"column":4}},"9":{"start":{"line":10,"column":0},"end":{"line":10,"column":32}},"10":{"start":{"line":11,"column":0},"end":{"line":11,"column":45}},"11":{"start":{"line":12,"column":0},"end":{"line":12,"column":4}},"13":{"start":{"line":14,"column":0},"end":{"line":14,"column":29}},"14":{"start":{"line":15,"column":0},"end":{"line":15,"column":18}},"15":{"start":{"line":16,"column":0},"end":{"line":16,"column":4}},"17":{"start":{"line":18,"column":0},"end":{"line":18,"column":10}},"18":{"start":{"line":19,"column":0},"end":{"line":19,"column":11}},"19":{"start":{"line":20,"column":0},"end":{"line":20,"column":12}},"21":{"start":{"line":22,"column":0},"end":{"line":22,"column":24}},"22":{"start":{"line":23,"column":0},"end":{"line":23,"column":14}},"23":{"start":{"line":24,"column":0},"end":{"line":24,"column":19}},"24":{"start":{"line":25,"column":0},"end":{"line":25,"column":16}},"25":{"start":{"line":26,"column":0},"end":{"line":26,"column":4}},"26":{"start":{"line":27,"column":0},"end":{"line":27,"column":2}}},"s":{"0":1,"2":1,"3":14,"5":14,"6":2,"7":2,"9":14,"10":3,"11":3,"13":14,"14":1,"15":1,"17":14,"18":14,"19":14,"21":14,"22":14,"23":14,"24":14,"25":14,"26":14},"branchMap":{"0":{"type":"branch","line":3,"loc":{"start":{"line":3,"column":26},"end":{"line":27,"column":2}},"locations":[{"start":{"line":3,"column":26},"end":{"line":27,"column":2}}]},"1":{"type":"branch","line":6,"loc":{"start":{"line":6,"column":20},"end":{"line":8,"column":4}},"locations":[{"start":{"line":6,"column":20},"end":{"line":8,"column":4}}]},"2":{"type":"branch","line":10,"loc":{"start":{"line":10,"column":25},"end":{"line":12,"column":4}},"locations":[{"start":{"line":10,"column":25},"end":{"line":12,"column":4}}]},"3":{"type":"branch","line":11,"loc":{"start":{"line":11,"column":15},"end":{"line":11,"column":45}},"locations":[{"start":{"line":11,"column":15},"end":{"line":11,"column":45}}]},"4":{"type":"branch","line":14,"loc":{"start":{"line":14,"column":22},"end":{"line":16,"column":4}},"locations":[{"start":{"line":14,"column":22},"end":{"line":16,"column":4}}]}},"b":{"0":[14],"1":[2],"2":[3],"3":[3],"4":[1]},"fnMap":{"0":{"name":"useCounter","decl":{"start":{"line":3,"column":26},"end":{"line":27,"column":2}},"loc":{"start":{"line":3,"column":26},"end":{"line":27,"column":2}},"line":3},"1":{"name":"handleAdd","decl":{"start":{"line":6,"column":20},"end":{"line":8,"column":4}},"loc":{"start":{"line":6,"column":20},"end":{"line":8,"column":4}},"line":6},"2":{"name":"handleSubtract","decl":{"start":{"line":10,"column":25},"end":{"line":12,"column":4}},"loc":{"start":{"line":10,"column":25},"end":{"line":12,"column":4}},"line":10},"3":{"name":"handleReset","decl":{"start":{"line":14,"column":22},"end":{"line":16,"column":4}},"loc":{"start":{"line":14,"column":22},"end":{"line":16,"column":4}},"line":14}},"f":{"0":14,"1":2,"2":3,"3":1}}
,"C:\\Users\\manue\\Desktop\\React\\gifs-app\\src\\gifs\\actions\\get-gifs-by-query.action.ts": {"path":"C:\\Users\\manue\\Desktop\\React\\gifs-app\\src\\gifs\\actions\\get-gifs-by-query.action.ts","all":false,"statementMap":{"2":{"start":{"line":3,"column":0},"end":{"line":3,"column":44}},"4":{"start":{"line":5,"column":0},"end":{"line":5,"column":72}},"5":{"start":{"line":6,"column":0},"end":{"line":6,"column":43}},"7":{"start":{"line":8,"column":0},"end":{"line":8,"column":7}},"8":{"start":{"line":9,"column":0},"end":{"line":9,"column":63}},"9":{"start":{"line":10,"column":0},"end":{"line":10,"column":15}},"10":{"start":{"line":11,"column":0},"end":{"line":11,"column":17}},"11":{"start":{"line":12,"column":0},"end":{"line":12,"column":18}},"12":{"start":{"line":13,"column":0},"end":{"line":13,"column":8}},"13":{"start":{"line":14,"column":0},"end":{"line":14,"column":7}},"15":{"start":{"line":16,"column":0},"end":{"line":16,"column":14}},"17":{"start":{"line":18,"column":0},"end":{"line":18,"column":3}},"19":{"start":{"line":20,"column":0},"end":{"line":20,"column":45}},"20":{"start":{"line":21,"column":0},"end":{"line":21,"column":17}},"21":{"start":{"line":22,"column":0},"end":{"line":22,"column":23}},"22":{"start":{"line":23,"column":0},"end":{"line":23,"column":35}},"23":{"start":{"line":24,"column":0},"end":{"line":24,"column":47}},"24":{"start":{"line":25,"column":0},"end":{"line":25,"column":49}},"25":{"start":{"line":26,"column":0},"end":{"line":26,"column":8}},"26":{"start":{"line":27,"column":0},"end":{"line":27,"column":19}},"27":{"start":{"line":28,"column":0},"end":{"line":28,"column":25}},"28":{"start":{"line":29,"column":0},"end":{"line":29,"column":14}},"29":{"start":{"line":30,"column":0},"end":{"line":30,"column":3}},"30":{"start":{"line":31,"column":0},"end":{"line":31,"column":2}}},"s":{"2":1,"4":1,"5":6,"7":5,"8":5,"9":5,"10":5,"11":5,"12":5,"13":5,"15":4,"17":4,"19":4,"20":60,"21":60,"22":60,"23":60,"24":60,"25":60,"26":4,"27":1,"28":1,"29":1,"30":6},"branchMap":{"0":{"type":"branch","line":5,"loc":{"start":{"line":5,"column":30},"end":{"line":31,"column":2}},"locations":[{"start":{"line":5,"column":30},"end":{"line":31,"column":2}}]},"1":{"type":"branch","line":6,"loc":{"start":{"line":6,"column":33},"end":{"line":6,"column":43}},"locations":[{"start":{"line":6,"column":33},"end":{"line":6,"column":43}}]},"2":{"type":"branch","line":6,"loc":{"start":{"line":6,"column":42},"end":{"line":14,"column":7}},"locations":[{"start":{"line":6,"column":42},"end":{"line":14,"column":7}}]},"3":{"type":"branch","line":14,"loc":{"start":{"line":14,"column":4},"end":{"line":30,"column":3}},"locations":[{"start":{"line":14,"column":4},"end":{"line":30,"column":3}}]},"4":{"type":"branch","line":27,"loc":{"start":{"line":27,"column":4},"end":{"line":30,"column":3}},"locations":[{"start":{"line":27,"column":4},"end":{"line":30,"column":3}}]},"5":{"type":"branch","line":20,"loc":{"start":{"line":20,"column":34},"end":{"line":26,"column":8}},"locations":[{"start":{"line":20,"column":34},"end":{"line":26,"column":8}}]}},"b":{"0":[6],"1":[1],"2":[5],"3":[4],"4":[1],"5":[60]},"fnMap":{"0":{"name":"getGifsByQuery","decl":{"start":{"line":5,"column":30},"end":{"line":31,"column":2}},"loc":{"start":{"line":5,"column":30},"end":{"line":31,"column":2}},"line":5}},"f":{"0":6}}
,"C:\\Users\\manue\\Desktop\\React\\gifs-app\\src\\gifs\\api\\giphy.api.ts": {"path":"C:\\Users\\manue\\Desktop\\React\\gifs-app\\src\\gifs\\api\\giphy.api.ts","all":false,"statementMap":{"0":{"start":{"line":1,"column":0},"end":{"line":1,"column":26}},"2":{"start":{"line":3,"column":0},"end":{"line":3,"column":38}},"3":{"start":{"line":4,"column":0},"end":{"line":4,"column":43}},"4":{"start":{"line":5,"column":0},"end":{"line":5,"column":11}},"5":{"start":{"line":6,"column":0},"end":{"line":6,"column":48}},"6":{"start":{"line":7,"column":0},"end":{"line":7,"column":15}},"7":{"start":{"line":8,"column":0},"end":{"line":8,"column":4}},"8":{"start":{"line":9,"column":0},"end":{"line":9,"column":3}}},"s":{"0":1,"2":1,"3":1,"4":1,"5":1,"6":1,"7":1,"8":1},"branchMap":{},"b":{},"fnMap":{},"f":{}}
,"C:\\Users\\manue\\Desktop\\React\\gifs-app\\src\\gifs\\components\\GifList.tsx": {"path":"C:\\Users\\manue\\Desktop\\React\\gifs-app\\src\\gifs\\components\\GifList.tsx","all":false,"statementMap":{"6":{"start":{"line":7,"column":0},"end":{"line":7,"column":56}},"7":{"start":{"line":8,"column":0},"end":{"line":8,"column":10}},"8":{"start":{"line":9,"column":0},"end":{"line":9,"column":36}},"9":{"start":{"line":10,"column":0},"end":{"line":10,"column":26}},"10":{"start":{"line":11,"column":0},"end":{"line":11,"column":47}},"11":{"start":{"line":12,"column":0},"end":{"line":12,"column":47}},"12":{"start":{"line":13,"column":0},"end":{"line":13,"column":30}},"13":{"start":{"line":14,"column":0},"end":{"line":14,"column":13}},"14":{"start":{"line":15,"column":0},"end":{"line":15,"column":44}},"20":{"start":{"line":21,"column":0},"end":{"line":21,"column":2}}},"s":{"6":1,"7":1,"8":1,"9":1,"10":1,"11":1,"12":1,"13":1,"14":1,"20":1},"branchMap":{"0":{"type":"branch","line":7,"loc":{"start":{"line":7,"column":41},"end":{"line":21,"column":2}},"locations":[{"start":{"line":7,"column":41},"end":{"line":21,"column":2}}]}},"b":{"0":[1]},"fnMap":{"0":{"name":"GifList","decl":{"start":{"line":7,"column":41},"end":{"line":21,"column":2}},"loc":{"start":{"line":7,"column":41},"end":{"line":21,"column":2}},"line":7}},"f":{"0":1}}
,"C:\\Users\\manue\\Desktop\\React\\gifs-app\\src\\gifs\\components\\PreviousSearches.tsx": {"path":"C:\\Users\\manue\\Desktop\\React\\gifs-app\\src\\gifs\\components\\PreviousSearches.tsx","all":false,"statementMap":{"7":{"start":{"line":8,"column":0},"end":{"line":8,"column":61}},"8":{"start":{"line":9,"column":0},"end":{"line":9,"column":11}},"9":{"start":{"line":10,"column":0},"end":{"line":10,"column":15}},"10":{"start":{"line":11,"column":0},"end":{"line":11,"column":7}},"11":{"start":{"line":12,"column":0},"end":{"line":12,"column":10}},"12":{"start":{"line":13,"column":0},"end":{"line":13,"column":39}},"13":{"start":{"line":14,"column":0},"end":{"line":14,"column":32}},"14":{"start":{"line":15,"column":0},"end":{"line":15,"column":45}},"15":{"start":{"line":16,"column":0},"end":{"line":16,"column":35}},"16":{"start":{"line":17,"column":0},"end":{"line":17,"column":13}},"17":{"start":{"line":18,"column":0},"end":{"line":18,"column":24}},"18":{"start":{"line":19,"column":0},"end":{"line":19,"column":28}},"19":{"start":{"line":20,"column":0},"end":{"line":20,"column":35}},"20":{"start":{"line":21,"column":0},"end":{"line":21,"column":14}},"22":{"start":{"line":23,"column":0},"end":{"line":23,"column":20}},"28":{"start":{"line":29,"column":0},"end":{"line":29,"column":2}}},"s":{"7":1,"8":1,"9":1,"10":1,"11":1,"12":1,"13":1,"14":1,"15":1,"16":1,"17":1,"18":1,"19":1,"20":1,"22":1,"28":1},"branchMap":{"0":{"type":"branch","line":8,"loc":{"start":{"line":8,"column":59},"end":{"line":29,"column":2}},"locations":[{"start":{"line":8,"column":59},"end":{"line":29,"column":2}}]}},"b":{"0":[1]},"fnMap":{"0":{"name":"PreviousSearches","decl":{"start":{"line":8,"column":59},"end":{"line":29,"column":2}},"loc":{"start":{"line":8,"column":59},"end":{"line":29,"column":2}},"line":8}},"f":{"0":1}}
,"C:\\Users\\manue\\Desktop\\React\\gifs-app\\src\\gifs\\interfaces\\gif.interface.ts": {"path":"C:\\Users\\manue\\Desktop\\React\\gifs-app\\src\\gifs\\interfaces\\gif.interface.ts","all":true,"statementMap":{},"s":{},"branchMap":{"0":{"type":"branch","line":1,"loc":{"start":{"line":1,"column":111},"end":{"line":7,"column":1}},"locations":[{"start":{"line":1,"column":111},"end":{"line":7,"column":1}}]}},"b":{"0":[1]},"fnMap":{"0":{"name":"(empty-report)","decl":{"start":{"line":1,"column":111},"end":{"line":7,"column":1}},"loc":{"start":{"line":1,"column":111},"end":{"line":7,"column":1}},"line":1}},"f":{"0":1}}
,"C:\\Users\\manue\\Desktop\\React\\gifs-app\\src\\gifs\\interfaces\\giphy.response.ts": {"path":"C:\\Users\\manue\\Desktop\\React\\gifs-app\\src\\gifs\\interfaces\\giphy.response.ts","all":true,"statementMap":{},"s":{},"branchMap":{"0":{"type":"branch","line":1,"loc":{"start":{"line":1,"column":2792},"end":{"line":131,"column":1}},"locations":[{"start":{"line":1,"column":2792},"end":{"line":131,"column":1}}]}},"b":{"0":[1]},"fnMap":{"0":{"name":"(empty-report)","decl":{"start":{"line":1,"column":2792},"end":{"line":131,"column":1}},"loc":{"start":{"line":1,"column":2792},"end":{"line":131,"column":1}},"line":1}},"f":{"0":1}}
,"C:\\Users\\manue\\Desktop\\React\\gifs-app\\src\\hooks\\useGifs.tsx": {"path":"C:\\Users\\manue\\Desktop\\React\\gifs-app\\src\\hooks\\useGifs.tsx","all":false,"statementMap":{"0":{"start":{"line":1,"column":0},"end":{"line":1,"column":41}},"2":{"start":{"line":3,"column":0},"end":{"line":3,"column":74}},"4":{"start":{"line":5,"column":0},"end":{"line":5,"column":46}},"6":{"start":{"line":7,"column":0},"end":{"line":7,"column":30}},"7":{"start":{"line":8,"column":0},"end":{"line":8,"column":67}},"8":{"start":{"line":9,"column":0},"end":{"line":9,"column":46}},"9":{"start":{"line":10,"column":0},"end":{"line":10,"column":54}},"11":{"start":{"line":12,"column":0},"end":{"line":12,"column":53}},"12":{"start":{"line":13,"column":0},"end":{"line":13,"column":36}},"13":{"start":{"line":14,"column":0},"end":{"line":14,"column":41}},"14":{"start":{"line":15,"column":0},"end":{"line":15,"column":13}},"15":{"start":{"line":16,"column":0},"end":{"line":16,"column":5}},"17":{"start":{"line":18,"column":0},"end":{"line":18,"column":46}},"18":{"start":{"line":19,"column":0},"end":{"line":19,"column":18}},"19":{"start":{"line":20,"column":0},"end":{"line":20,"column":37}},"20":{"start":{"line":21,"column":0},"end":{"line":21,"column":4}},"22":{"start":{"line":23,"column":0},"end":{"line":23,"column":49}},"23":{"start":{"line":24,"column":0},"end":{"line":24,"column":32}},"24":{"start":{"line":25,"column":0},"end":{"line":25,"column":25}},"25":{"start":{"line":26,"column":0},"end":{"line":26,"column":29}},"26":{"start":{"line":27,"column":0},"end":{"line":27,"column":48}},"28":{"start":{"line":29,"column":0},"end":{"line":29,"column":62}},"30":{"start":{"line":31,"column":0},"end":{"line":31,"column":47}},"31":{"start":{"line":32,"column":0},"end":{"line":32,"column":20}},"33":{"start":{"line":34,"column":0},"end":{"line":34,"column":38}},"34":{"start":{"line":35,"column":0},"end":{"line":35,"column":5}},"35":{"start":{"line":36,"column":0},"end":{"line":36,"column":4}},"36":{"start":{"line":37,"column":0},"end":{"line":37,"column":10}},"37":{"start":{"line":38,"column":0},"end":{"line":38,"column":11}},"38":{"start":{"line":39,"column":0},"end":{"line":39,"column":18}},"39":{"start":{"line":40,"column":0},"end":{"line":40,"column":9}},"41":{"start":{"line":42,"column":0},"end":{"line":42,"column":13}},"42":{"start":{"line":43,"column":0},"end":{"line":43,"column":20}},"43":{"start":{"line":44,"column":0},"end":{"line":44,"column":17}},"44":{"start":{"line":45,"column":0},"end":{"line":45,"column":4}},"45":{"start":{"line":46,"column":0},"end":{"line":46,"column":2}}},"s":{"0":1,"2":1,"4":1,"6":1,"7":19,"8":19,"9":19,"11":19,"12":3,"13":1,"14":1,"15":1,"17":2,"18":2,"19":2,"20":2,"22":19,"23":10,"24":10,"25":10,"26":10,"28":10,"30":10,"31":10,"33":10,"34":10,"35":10,"36":19,"37":19,"38":19,"39":19,"41":19,"42":19,"43":19,"44":19,"45":19},"branchMap":{"0":{"type":"branch","line":7,"loc":{"start":{"line":7,"column":23},"end":{"line":46,"column":2}},"locations":[{"start":{"line":7,"column":23},"end":{"line":46,"column":2}}]},"1":{"type":"branch","line":12,"loc":{"start":{"line":12,"column":26},"end":{"line":21,"column":4}},"locations":[{"start":{"line":12,"column":26},"end":{"line":21,"column":4}}]},"2":{"type":"branch","line":13,"loc":{"start":{"line":13,"column":35},"end":{"line":16,"column":5}},"locations":[{"start":{"line":13,"column":35},"end":{"line":16,"column":5}}]},"3":{"type":"branch","line":16,"loc":{"start":{"line":16,"column":4},"end":{"line":21,"column":4}},"locations":[{"start":{"line":16,"column":4},"end":{"line":21,"column":4}}]},"4":{"type":"branch","line":23,"loc":{"start":{"line":23,"column":23},"end":{"line":36,"column":4}},"locations":[{"start":{"line":23,"column":23},"end":{"line":36,"column":4}}]},"5":{"type":"branch","line":27,"loc":{"start":{"line":27,"column":41},"end":{"line":27,"column":48}},"locations":[{"start":{"line":27,"column":41},"end":{"line":27,"column":48}}]}},"b":{"0":[19],"1":[3],"2":[1],"3":[2],"4":[10],"5":[0]},"fnMap":{"0":{"name":"useGifs","decl":{"start":{"line":7,"column":23},"end":{"line":46,"column":2}},"loc":{"start":{"line":7,"column":23},"end":{"line":46,"column":2}},"line":7},"1":{"name":"handleTermClick","decl":{"start":{"line":12,"column":26},"end":{"line":21,"column":4}},"loc":{"start":{"line":12,"column":26},"end":{"line":21,"column":4}},"line":12},"2":{"name":"handleSearch","decl":{"start":{"line":23,"column":23},"end":{"line":36,"column":4}},"loc":{"start":{"line":23,"column":23},"end":{"line":36,"column":4}},"line":23}},"f":{"0":19,"1":3,"2":10}}
,"C:\\Users\\manue\\Desktop\\React\\gifs-app\\src\\mock-data\\gifs.mock.ts": {"path":"C:\\Users\\manue\\Desktop\\React\\gifs-app\\src\\mock-data\\gifs.mock.ts","all":true,"statementMap":{"2":{"start":{"line":3,"column":0},"end":{"line":3,"column":32}},"3":{"start":{"line":4,"column":0},"end":{"line":4,"column":3}},"4":{"start":{"line":5,"column":0},"end":{"line":5,"column":12}},"5":{"start":{"line":6,"column":0},"end":{"line":6,"column":29}},"6":{"start":{"line":7,"column":0},"end":{"line":7,"column":185}},"7":{"start":{"line":8,"column":0},"end":{"line":8,"column":15}},"8":{"start":{"line":9,"column":0},"end":{"line":9,"column":16}},"9":{"start":{"line":10,"column":0},"end":{"line":10,"column":4}},"10":{"start":{"line":11,"column":0},"end":{"line":11,"column":3}},"11":{"start":{"line":12,"column":0},"end":{"line":12,"column":12}},"12":{"start":{"line":13,"column":0},"end":{"line":13,"column":23}},"13":{"start":{"line":14,"column":0},"end":{"line":14,"column":70}},"14":{"start":{"line":15,"column":0},"end":{"line":15,"column":15}},"15":{"start":{"line":16,"column":0},"end":{"line":16,"column":16}},"16":{"start":{"line":17,"column":0},"end":{"line":17,"column":4}},"17":{"start":{"line":18,"column":0},"end":{"line":18,"column":3}},"18":{"start":{"line":19,"column":0},"end":{"line":19,"column":12}},"19":{"start":{"line":20,"column":0},"end":{"line":20,"column":25}},"20":{"start":{"line":21,"column":0},"end":{"line":21,"column":185}},"21":{"start":{"line":22,"column":0},"end":{"line":22,"column":15}},"22":{"start":{"line":23,"column":0},"end":{"line":23,"column":16}},"23":{"start":{"line":24,"column":0},"end":{"line":24,"column":4}},"24":{"start":{"line":25,"column":0},"end":{"line":25,"column":3}},"25":{"start":{"line":26,"column":0},"end":{"line":26,"column":12}},"26":{"start":{"line":27,"column":0},"end":{"line":27,"column":23}},"27":{"start":{"line":28,"column":0},"end":{"line":28,"column":70}},"28":{"start":{"line":29,"column":0},"end":{"line":29,"column":15}},"29":{"start":{"line":30,"column":0},"end":{"line":30,"column":16}},"30":{"start":{"line":31,"column":0},"end":{"line":31,"column":4}},"31":{"start":{"line":32,"column":0},"end":{"line":32,"column":3}},"32":{"start":{"line":33,"column":0},"end":{"line":33,"column":12}},"33":{"start":{"line":34,"column":0},"end":{"line":34,"column":30}},"34":{"start":{"line":35,"column":0},"end":{"line":35,"column":185}},"35":{"start":{"line":36,"column":0},"end":{"line":36,"column":15}},"36":{"start":{"line":37,"column":0},"end":{"line":37,"column":16}},"37":{"start":{"line":38,"column":0},"end":{"line":38,"column":4}},"38":{"start":{"line":39,"column":0},"end":{"line":39,"column":3}},"39":{"start":{"line":40,"column":0},"end":{"line":40,"column":12}},"40":{"start":{"line":41,"column":0},"end":{"line":41,"column":31}},"41":{"start":{"line":42,"column":0},"end":{"line":42,"column":185}},"42":{"start":{"line":43,"column":0},"end":{"line":43,"column":15}},"43":{"start":{"line":44,"column":0},"end":{"line":44,"column":16}},"44":{"start":{"line":45,"column":0},"end":{"line":45,"column":4}},"45":{"start":{"line":46,"column":0},"end":{"line":46,"column":2}}},"s":{"2":0,"3":0,"4":0,"5":0,"6":0,"7":0,"8":0,"9":0,"10":0,"11":0,"12":0,"13":0,"14":0,"15":0,"16":0,"17":0,"18":0,"19":0,"20":0,"21":0,"22":0,"23":0,"24":0,"25":0,"26":0,"27":0,"28":0,"29":0,"30":0,"31":0,"32":0,"33":0,"34":0,"35":0,"36":0,"37":0,"38":0,"39":0,"40":0,"41":0,"42":0,"43":0,"44":0,"45":0},"branchMap":{"0":{"type":"branch","line":1,"loc":{"start":{"line":1,"column":1525},"end":{"line":46,"column":2}},"locations":[{"start":{"line":1,"column":1525},"end":{"line":46,"column":2}}]}},"b":{"0":[1]},"fnMap":{"0":{"name":"(empty-report)","decl":{"start":{"line":1,"column":1525},"end":{"line":46,"column":2}},"loc":{"start":{"line":1,"column":1525},"end":{"line":46,"column":2}},"line":1}},"f":{"0":1}}
,"C:\\Users\\manue\\Desktop\\React\\gifs-app\\src\\shared\\components\\CustomHeader.tsx": {"path":"C:\\Users\\manue\\Desktop\\React\\gifs-app\\src\\shared\\components\\CustomHeader.tsx","all":false,"statementMap":{"5":{"start":{"line":6,"column":0},"end":{"line":6,"column":59}},"6":{"start":{"line":7,"column":0},"end":{"line":7,"column":10}},"7":{"start":{"line":8,"column":0},"end":{"line":8,"column":36}},"8":{"start":{"line":9,"column":0},"end":{"line":9,"column":28}},"9":{"start":{"line":10,"column":0},"end":{"line":10,"column":49}},"12":{"start":{"line":13,"column":0},"end":{"line":13,"column":2}}},"s":{"5":1,"6":4,"7":4,"8":4,"9":4,"12":4},"branchMap":{"0":{"type":"branch","line":6,"loc":{"start":{"line":6,"column":28},"end":{"line":13,"column":2}},"locations":[{"start":{"line":6,"column":28},"end":{"line":13,"column":2}}]}},"b":{"0":[4]},"fnMap":{"0":{"name":"CustomHeader","decl":{"start":{"line":6,"column":28},"end":{"line":13,"column":2}},"loc":{"start":{"line":6,"column":28},"end":{"line":13,"column":2}},"line":6}},"f":{"0":4}}
,"C:\\Users\\manue\\Desktop\\React\\gifs-app\\src\\shared\\components\\SearchBar.tsx": {"path":"C:\\Users\\manue\\Desktop\\React\\gifs-app\\src\\shared\\components\\SearchBar.tsx","all":false,"statementMap":{"0":{"start":{"line":1,"column":0},"end":{"line":1,"column":51}},"6":{"start":{"line":7,"column":0},"end":{"line":7,"column":27}},"7":{"start":{"line":8,"column":0},"end":{"line":8,"column":25}},"8":{"start":{"line":9,"column":0},"end":{"line":9,"column":10}},"9":{"start":{"line":10,"column":0},"end":{"line":10,"column":23}},"10":{"start":{"line":11,"column":0},"end":{"line":11,"column":41}},"12":{"start":{"line":13,"column":0},"end":{"line":13,"column":19}},"13":{"start":{"line":14,"column":0},"end":{"line":14,"column":40}},"14":{"start":{"line":15,"column":0},"end":{"line":15,"column":21}},"15":{"start":{"line":16,"column":0},"end":{"line":16,"column":12}},"17":{"start":{"line":18,"column":0},"end":{"line":18,"column":18}},"18":{"start":{"line":19,"column":0},"end":{"line":19,"column":30}},"19":{"start":{"line":20,"column":0},"end":{"line":20,"column":6}},"20":{"start":{"line":21,"column":0},"end":{"line":21,"column":23}},"22":{"start":{"line":23,"column":0},"end":{"line":23,"column":30}},"23":{"start":{"line":24,"column":0},"end":{"line":24,"column":19}},"24":{"start":{"line":25,"column":0},"end":{"line":25,"column":24}},"25":{"start":{"line":26,"column":0},"end":{"line":26,"column":4}},"27":{"start":{"line":28,"column":0},"end":{"line":28,"column":75}},"28":{"start":{"line":29,"column":0},"end":{"line":29,"column":32}},"29":{"start":{"line":30,"column":0},"end":{"line":30,"column":21}},"30":{"start":{"line":31,"column":0},"end":{"line":31,"column":5}},"31":{"start":{"line":32,"column":0},"end":{"line":32,"column":4}},"33":{"start":{"line":34,"column":0},"end":{"line":34,"column":10}},"34":{"start":{"line":35,"column":0},"end":{"line":35,"column":38}},"35":{"start":{"line":36,"column":0},"end":{"line":36,"column":12}},"36":{"start":{"line":37,"column":0},"end":{"line":37,"column":19}},"37":{"start":{"line":38,"column":0},"end":{"line":38,"column":33}},"38":{"start":{"line":39,"column":0},"end":{"line":39,"column":21}},"39":{"start":{"line":40,"column":0},"end":{"line":40,"column":58}},"40":{"start":{"line":41,"column":0},"end":{"line":41,"column":33}},"42":{"start":{"line":43,"column":0},"end":{"line":43,"column":51}},"47":{"start":{"line":48,"column":0},"end":{"line":48,"column":2}}},"s":{"0":1,"6":1,"7":12,"8":12,"9":12,"10":12,"12":12,"13":12,"14":2,"15":12,"17":12,"18":12,"19":12,"20":12,"22":12,"23":1,"24":1,"25":1,"27":12,"28":0,"29":0,"30":0,"31":0,"33":12,"34":12,"35":12,"36":12,"37":12,"38":12,"39":12,"40":12,"42":12,"47":12},"branchMap":{"0":{"type":"branch","line":7,"loc":{"start":{"line":7,"column":25},"end":{"line":48,"column":2}},"locations":[{"start":{"line":7,"column":25},"end":{"line":48,"column":2}}]},"1":{"type":"branch","line":13,"loc":{"start":{"line":13,"column":12},"end":{"line":21,"column":5}},"locations":[{"start":{"line":13,"column":12},"end":{"line":21,"column":5}}]},"2":{"type":"branch","line":14,"loc":{"start":{"line":14,"column":33},"end":{"line":16,"column":7}},"locations":[{"start":{"line":14,"column":33},"end":{"line":16,"column":7}}]},"3":{"type":"branch","line":18,"loc":{"start":{"line":18,"column":11},"end":{"line":20,"column":6}},"locations":[{"start":{"line":18,"column":11},"end":{"line":20,"column":6}}]},"4":{"type":"branch","line":23,"loc":{"start":{"line":23,"column":23},"end":{"line":26,"column":4}},"locations":[{"start":{"line":23,"column":23},"end":{"line":26,"column":4}}]},"5":{"type":"branch","line":40,"loc":{"start":{"line":40,"column":18},"end":{"line":40,"column":58}},"locations":[{"start":{"line":40,"column":18},"end":{"line":40,"column":58}}]}},"b":{"0":[12],"1":[12],"2":[2],"3":[12],"4":[1],"5":[6]},"fnMap":{"0":{"name":"SearchBar","decl":{"start":{"line":7,"column":25},"end":{"line":48,"column":2}},"loc":{"start":{"line":7,"column":25},"end":{"line":48,"column":2}},"line":7},"1":{"name":"handleSearch","decl":{"start":{"line":23,"column":23},"end":{"line":26,"column":4}},"loc":{"start":{"line":23,"column":23},"end":{"line":26,"column":4}},"line":23},"2":{"name":"handleKeyDown","decl":{"start":{"line":28,"column":24},"end":{"line":32,"column":4}},"loc":{"start":{"line":28,"column":24},"end":{"line":32,"column":4}},"line":28},"3":{"name":"onChange","decl":{"start":{"line":40,"column":18},"end":{"line":40,"column":58}},"loc":{"start":{"line":40,"column":18},"end":{"line":40,"column":58}},"line":40}},"f":{"0":12,"1":1,"2":0,"3":6}}
}
